# JRE version: Java(TM) SE Runtime Environment (8.0_05-b13) (build 1.8.0_05-b13)
# Java VM: Java HotSpot(TM) 64-Bit Server VM (25.5-b02 mixed mode windows-amd64 compressed oops)
Heap:
 PSYoungGen      total 87552K, used 86323K [0x00000000eab00000, 0x00000000f2d00000, 0x0000000100000000)
  eden space 75264K, 99% used [0x00000000eab00000,0x00000000ef45eac8,0x00000000ef480000)
  from space 12288K, 91% used [0x00000000ef480000,0x00000000eff6e3a0,0x00000000f0080000)
  to   space 13824K, 0% used [0x00000000f1f80000,0x00000000f1f80000,0x00000000f2d00000)
 ParOldGen       total 260608K, used 43362K [0x00000000c0000000, 0x00000000cfe80000, 0x00000000eab00000)
  object space 260608K, 16% used [0x00000000c0000000,0x00000000c2a58908,0x00000000cfe80000)
 Metaspace       used 5870K, capacity 7024K, committed 7296K, reserved 1056768K
  class space    used 582K, capacity 616K, committed 640K, reserved 1048576K
GC Heap History (10 events):
Event: 1.516 GC heap before
{Heap before GC invocations=15 (full 0):
 PSYoungGen      total 37888K, used 37523K [0x00000000eab00000, 0x00000000ed500000, 0x0000000100000000)
  eden space 34304K, 100% used [0x00000000eab00000,0x00000000ecc80000,0x00000000ecc80000)
  from space 3584K, 89% used [0x00000000ed080000,0x00000000ed3a4c20,0x00000000ed400000)
  to   space 4096K, 0% used [0x00000000ecc80000,0x00000000ecc80000,0x00000000ed080000)
 ParOldGen       total 260608K, used 12082K [0x00000000c0000000, 0x00000000cfe80000, 0x00000000eab00000)
  object space 260608K, 4% used [0x00000000c0000000,0x00000000c0bcc958,0x00000000cfe80000)
 Metaspace       used 5633K, capacity 6960K, committed 7040K, reserved 1056768K
  class space    used 557K, capacity 616K, committed 640K, reserved 1048576K
Event: 1.524 GC heap after
Heap after GC invocations=15 (full 0):
 PSYoungGen      total 38400K, used 4083K [0x00000000eab00000, 0x00000000eee00000, 0x0000000100000000)
  eden space 34304K, 0% used [0x00000000eab00000,0x00000000eab00000,0x00000000ecc80000)
  from space 4096K, 99% used [0x00000000ecc80000,0x00000000ed07cd28,0x00000000ed080000)
  to   space 6656K, 0% used [0x00000000ee780000,0x00000000ee780000,0x00000000eee00000)
 ParOldGen       total 260608K, used 16750K [0x00000000c0000000, 0x00000000cfe80000, 0x00000000eab00000)
  object space 260608K, 6% used [0x00000000c0000000,0x00000000c105b8e0,0x00000000cfe80000)
 Metaspace       used 5633K, capacity 6960K, committed 7040K, reserved 1056768K
  class space    used 557K, capacity 616K, committed 640K, reserved 1048576K
}
Event: 1.710 GC heap before
{Heap before GC invocations=16 (full 0):
 PSYoungGen      total 38400K, used 38387K [0x00000000eab00000, 0x00000000eee00000, 0x0000000100000000)
  eden space 34304K, 100% used [0x00000000eab00000,0x00000000ecc80000,0x00000000ecc80000)
  from space 4096K, 99% used [0x00000000ecc80000,0x00000000ed07cd28,0x00000000ed080000)
  to   space 6656K, 0% used [0x00000000ee780000,0x00000000ee780000,0x00000000eee00000)
 ParOldGen       total 260608K, used 16750K [0x00000000c0000000, 0x00000000cfe80000, 0x00000000eab00000)
  object space 260608K, 6% used [0x00000000c0000000,0x00000000c105b8e0,0x00000000cfe80000)
 Metaspace       used 5656K, capacity 6960K, committed 7040K, reserved 1056768K
  class space    used 557K, capacity 616K, committed 640K, reserved 1048576K
Event: 1.717 GC heap after
Heap after GC invocations=16 (full 0):
 PSYoungGen      total 61440K, used 5216K [0x00000000eab00000, 0x00000000eef00000, 0x0000000100000000)
  eden space 54784K, 0% used [0x00000000eab00000,0x00000000eab00000,0x00000000ee080000)
  from space 6656K, 78% used [0x00000000ee780000,0x00000000eec98000,0x00000000eee00000)
  to   space 7168K, 0% used [0x00000000ee080000,0x00000000ee080000,0x00000000ee780000)
 ParOldGen       total 260608K, used 20864K [0x00000000c0000000, 0x00000000cfe80000, 0x00000000eab00000)
  object space 260608K, 8% used [0x00000000c0000000,0x00000000c14600b8,0x00000000cfe80000)
 Metaspace       used 5656K, capacity 6960K, committed 7040K, reserved 1056768K
  class space    used 557K, capacity 616K, committed 640K, reserved 1048576K
}
Event: 1.919 GC heap before
{Heap before GC invocations=17 (full 0):
 PSYoungGen      total 61440K, used 60000K [0x00000000eab00000, 0x00000000eef00000, 0x0000000100000000)
  eden space 54784K, 100% used [0x00000000eab00000,0x00000000ee080000,0x00000000ee080000)
  from space 6656K, 78% used [0x00000000ee780000,0x00000000eec98000,0x00000000eee00000)
  to   space 7168K, 0% used [0x00000000ee080000,0x00000000ee080000,0x00000000ee780000)
 ParOldGen       total 260608K, used 20864K [0x00000000c0000000, 0x00000000cfe80000, 0x00000000eab00000)
  object space 260608K, 8% used [0x00000000c0000000,0x00000000c14600b8,0x00000000cfe80000)
 Metaspace       used 5668K, capacity 6960K, committed 7040K, reserved 1056768K
  class space    used 557K, capacity 616K, committed 640K, reserved 1048576K
Event: 1.936 GC heap after
Heap after GC invocations=17 (full 0):
 PSYoungGen      total 61952K, used 7168K [0x00000000eab00000, 0x00000000f0b00000, 0x0000000100000000)
  eden space 54784K, 0% used [0x00000000eab00000,0x00000000eab00000,0x00000000ee080000)
  from space 7168K, 100% used [0x00000000ee080000,0x00000000ee780000,0x00000000ee780000)
  to   space 10752K, 0% used [0x00000000f0080000,0x00000000f0080000,0x00000000f0b00000)
 ParOldGen       total 260608K, used 27323K [0x00000000c0000000, 0x00000000cfe80000, 0x00000000eab00000)
  object space 260608K, 10% used [0x00000000c0000000,0x00000000c1aaec60,0x00000000cfe80000)
 Metaspace       used 5668K, capacity 6960K, committed 7040K, reserved 1056768K
  class space    used 557K, capacity 616K, committed 640K, reserved 1048576K
}
Event: 2.152 GC heap before
{Heap before GC invocations=18 (full 0):
 PSYoungGen      total 61952K, used 61952K [0x00000000eab00000, 0x00000000f0b00000, 0x0000000100000000)
  eden space 54784K, 100% used [0x00000000eab00000,0x00000000ee080000,0x00000000ee080000)
  from space 7168K, 100% used [0x00000000ee080000,0x00000000ee780000,0x00000000ee780000)
  to   space 10752K, 0% used [0x00000000f0080000,0x00000000f0080000,0x00000000f0b00000)
 ParOldGen       total 260608K, used 27323K [0x00000000c0000000, 0x00000000cfe80000, 0x00000000eab00000)
  object space 260608K, 10% used [0x00000000c0000000,0x00000000c1aaec60,0x00000000cfe80000)
 Metaspace       used 5679K, capacity 6960K, committed 7040K, reserved 1056768K
  class space    used 557K, capacity 616K, committed 640K, reserved 1048576K
Event: 2.166 GC heap after
Heap after GC invocations=18 (full 0):
 PSYoungGen      total 86016K, used 10043K [0x00000000eab00000, 0x00000000f0e00000, 0x0000000100000000)
  eden space 75264K, 0% used [0x00000000eab00000,0x00000000eab00000,0x00000000ef480000)
  from space 10752K, 93% used [0x00000000f0080000,0x00000000f0a4ecd0,0x00000000f0b00000)
  to   space 12288K, 0% used [0x00000000ef480000,0x00000000ef480000,0x00000000f0080000)
 ParOldGen       total 260608K, used 34535K [0x00000000c0000000, 0x00000000cfe80000, 0x00000000eab00000)
  object space 260608K, 13% used [0x00000000c0000000,0x00000000c21b9e60,0x00000000cfe80000)
 Metaspace       used 5679K, capacity 6960K, committed 7040K, reserved 1056768K
  class space    used 557K, capacity 616K, committed 640K, reserved 1048576K
}
Event: 2.462 GC heap before
{Heap before GC invocations=19 (full 0):
 PSYoungGen      total 86016K, used 85307K [0x00000000eab00000, 0x00000000f0e00000, 0x0000000100000000)
  eden space 75264K, 100% used [0x00000000eab00000,0x00000000ef480000,0x00000000ef480000)
  from space 10752K, 93% used [0x00000000f0080000,0x00000000f0a4ecd0,0x00000000f0b00000)
  to   space 12288K, 0% used [0x00000000ef480000,0x00000000ef480000,0x00000000f0080000)
 ParOldGen       total 260608K, used 34535K [0x00000000c0000000, 0x00000000cfe80000, 0x00000000eab00000)
  object space 260608K, 13% used [0x00000000c0000000,0x00000000c21b9e60,0x00000000cfe80000)
 Metaspace       used 5688K, capacity 6960K, committed 7040K, reserved 1056768K
  class space    used 557K, capacity 616K, committed 640K, reserved 1048576K
Event: 2.485 GC heap after
Heap after GC invocations=19 (full 0):
 PSYoungGen      total 87552K, used 11192K [0x00000000eab00000, 0x00000000f2d00000, 0x0000000100000000)
  eden space 75264K, 0% used [0x00000000eab00000,0x00000000eab00000,0x00000000ef480000)
  from space 12288K, 91% used [0x00000000ef480000,0x00000000eff6e3a0,0x00000000f0080000)
  to   space 13824K, 0% used [0x00000000f1f80000,0x00000000f1f80000,0x00000000f2d00000)
 ParOldGen       total 260608K, used 43362K [0x00000000c0000000, 0x00000000cfe80000, 0x00000000eab00000)
  object space 260608K, 16% used [0x00000000c0000000,0x00000000c2a58908,0x00000000cfe80000)
 Metaspace       used 5688K, capacity 6960K, committed 7040K, reserved 1056768K
  class space    used 557K, capacity 616K, committed 640K, reserved 1048576K
}

