# JRE version: Java(TM) SE Runtime Environment (8.0_05-b13) (build 1.8.0_05-b13)
# Java VM: Java HotSpot(TM) 64-Bit Server VM (25.5-b02 mixed mode windows-amd64 compressed oops)
Heap:
 PSYoungGen      total 73728K, used 71711K [0x00000000eab00000, 0x00000000f1680000, 0x0000000100000000)
  eden space 58368K, 100% used [0x00000000eab00000,0x00000000ee400000,0x00000000ee400000)
  from space 15360K, 86% used [0x00000000ee400000,0x00000000ef107fc0,0x00000000ef300000)
  to   space 16896K, 0% used [0x00000000f0600000,0x00000000f0600000,0x00000000f1680000)
 ParOldGen       total 260608K, used 81853K [0x00000000c0000000, 0x00000000cfe80000, 0x00000000eab00000)
  object space 260608K, 31% used [0x00000000c0000000,0x00000000c4fef7d0,0x00000000cfe80000)
 Metaspace       used 7512K, capacity 7966K, committed 8320K, reserved 1056768K
  class space    used 751K, capacity 785K, committed 896K, reserved 1048576K
GC Heap History (10 events):
Event: 3.639 GC heap before
{Heap before GC invocations=25 (full 0):
 PSYoungGen      total 51712K, used 51711K [0x00000000eab00000, 0x00000000ee600000, 0x0000000100000000)
  eden space 44544K, 100% used [0x00000000eab00000,0x00000000ed680000,0x00000000ed680000)
  from space 7168K, 99% used [0x00000000ede00000,0x00000000ee4ffc08,0x00000000ee500000)
  to   space 7680K, 0% used [0x00000000ed680000,0x00000000ed680000,0x00000000ede00000)
 ParOldGen       total 260608K, used 53174K [0x00000000c0000000, 0x00000000cfe80000, 0x00000000eab00000)
  object space 260608K, 20% used [0x00000000c0000000,0x00000000c33ed890,0x00000000cfe80000)
 Metaspace       used 7510K, capacity 7966K, committed 8320K, reserved 1056768K
  class space    used 751K, capacity 785K, committed 896K, reserved 1048576K
Event: 3.642 GC heap after
Heap after GC invocations=25 (full 0):
 PSYoungGen      total 52224K, used 3914K [0x00000000eab00000, 0x00000000ee600000, 0x0000000100000000)
  eden space 44544K, 0% used [0x00000000eab00000,0x00000000eab00000,0x00000000ed680000)
  from space 7680K, 50% used [0x00000000ed680000,0x00000000eda529c0,0x00000000ede00000)
  to   space 7168K, 0% used [0x00000000ede00000,0x00000000ede00000,0x00000000ee500000)
 ParOldGen       total 260608K, used 63702K [0x00000000c0000000, 0x00000000cfe80000, 0x00000000eab00000)
  object space 260608K, 24% used [0x00000000c0000000,0x00000000c3e35860,0x00000000cfe80000)
 Metaspace       used 7510K, capacity 7966K, committed 8320K, reserved 1056768K
  class space    used 751K, capacity 785K, committed 896K, reserved 1048576K
}
Event: 3.692 GC heap before
{Heap before GC invocations=26 (full 0):
 PSYoungGen      total 52224K, used 48458K [0x00000000eab00000, 0x00000000ee600000, 0x0000000100000000)
  eden space 44544K, 100% used [0x00000000eab00000,0x00000000ed680000,0x00000000ed680000)
  from space 7680K, 50% used [0x00000000ed680000,0x00000000eda529c0,0x00000000ede00000)
  to   space 7168K, 0% used [0x00000000ede00000,0x00000000ede00000,0x00000000ee500000)
 ParOldGen       total 260608K, used 63702K [0x00000000c0000000, 0x00000000cfe80000, 0x00000000eab00000)
  object space 260608K, 24% used [0x00000000c0000000,0x00000000c3e35860,0x00000000cfe80000)
 Metaspace       used 7510K, capacity 7966K, committed 8320K, reserved 1056768K
  class space    used 751K, capacity 785K, committed 896K, reserved 1048576K
Event: 3.695 GC heap after
Heap after GC invocations=26 (full 0):
 PSYoungGen      total 51712K, used 7155K [0x00000000eab00000, 0x00000000ee600000, 0x0000000100000000)
  eden space 44544K, 0% used [0x00000000eab00000,0x00000000eab00000,0x00000000ed680000)
  from space 7168K, 99% used [0x00000000ede00000,0x00000000ee4fcd88,0x00000000ee500000)
  to   space 7680K, 0% used [0x00000000ed680000,0x00000000ed680000,0x00000000ede00000)
 ParOldGen       total 260608K, used 63766K [0x00000000c0000000, 0x00000000cfe80000, 0x00000000eab00000)
  object space 260608K, 24% used [0x00000000c0000000,0x00000000c3e45860,0x00000000cfe80000)
 Metaspace       used 7510K, capacity 7966K, committed 8320K, reserved 1056768K
  class space    used 751K, capacity 785K, committed 896K, reserved 1048576K
}
Event: 3.753 GC heap before
{Heap before GC invocations=27 (full 0):
 PSYoungGen      total 51712K, used 51699K [0x00000000eab00000, 0x00000000ee600000, 0x0000000100000000)
  eden space 44544K, 100% used [0x00000000eab00000,0x00000000ed680000,0x00000000ed680000)
  from space 7168K, 99% used [0x00000000ede00000,0x00000000ee4fcd88,0x00000000ee500000)
  to   space 7680K, 0% used [0x00000000ed680000,0x00000000ed680000,0x00000000ede00000)
 ParOldGen       total 260608K, used 63766K [0x00000000c0000000, 0x00000000cfe80000, 0x00000000eab00000)
  object space 260608K, 24% used [0x00000000c0000000,0x00000000c3e45860,0x00000000cfe80000)
 Metaspace       used 7511K, capacity 7966K, committed 8320K, reserved 1056768K
  class space    used 751K, capacity 785K, committed 896K, reserved 1048576K
Event: 3.757 GC heap after
Heap after GC invocations=27 (full 0):
 PSYoungGen      total 52224K, used 7672K [0x00000000eab00000, 0x00000000f0300000, 0x0000000100000000)
  eden space 44544K, 0% used [0x00000000eab00000,0x00000000eab00000,0x00000000ed680000)
  from space 7680K, 99% used [0x00000000ed680000,0x00000000eddfe248,0x00000000ede00000)
  to   space 15872K, 0% used [0x00000000ef380000,0x00000000ef380000,0x00000000f0300000)
 ParOldGen       total 260608K, used 69819K [0x00000000c0000000, 0x00000000cfe80000, 0x00000000eab00000)
  object space 260608K, 26% used [0x00000000c0000000,0x00000000c442ef80,0x00000000cfe80000)
 Metaspace       used 7511K, capacity 7966K, committed 8320K, reserved 1056768K
  class space    used 751K, capacity 785K, committed 896K, reserved 1048576K
}
Event: 3.811 GC heap before
{Heap before GC invocations=28 (full 0):
 PSYoungGen      total 52224K, used 52216K [0x00000000eab00000, 0x00000000f0300000, 0x0000000100000000)
  eden space 44544K, 100% used [0x00000000eab00000,0x00000000ed680000,0x00000000ed680000)
  from space 7680K, 99% used [0x00000000ed680000,0x00000000eddfe248,0x00000000ede00000)
  to   space 15872K, 0% used [0x00000000ef380000,0x00000000ef380000,0x00000000f0300000)
 ParOldGen       total 260608K, used 69819K [0x00000000c0000000, 0x00000000cfe80000, 0x00000000eab00000)
  object space 260608K, 26% used [0x00000000c0000000,0x00000000c442ef80,0x00000000cfe80000)
 Metaspace       used 7511K, capacity 7966K, committed 8320K, reserved 1056768K
  class space    used 751K, capacity 785K, committed 896K, reserved 1048576K
Event: 3.814 GC heap after
Heap after GC invocations=28 (full 0):
 PSYoungGen      total 73216K, used 4779K [0x00000000eab00000, 0x00000000f0200000, 0x0000000100000000)
  eden space 58368K, 0% used [0x00000000eab00000,0x00000000eab00000,0x00000000ee400000)
  from space 14848K, 32% used [0x00000000ef380000,0x00000000ef82ad20,0x00000000f0200000)
  to   space 15360K, 0% used [0x00000000ee400000,0x00000000ee400000,0x00000000ef300000)
 ParOldGen       total 260608K, used 81845K [0x00000000c0000000, 0x00000000cfe80000, 0x00000000eab00000)
  object space 260608K, 31% used [0x00000000c0000000,0x00000000c4fed7d0,0x00000000cfe80000)
 Metaspace       used 7511K, capacity 7966K, committed 8320K, reserved 1056768K
  class space    used 751K, capacity 785K, committed 896K, reserved 1048576K
}
Event: 3.895 GC heap before
{Heap before GC invocations=29 (full 0):
 PSYoungGen      total 73216K, used 63147K [0x00000000eab00000, 0x00000000f0200000, 0x0000000100000000)
  eden space 58368K, 100% used [0x00000000eab00000,0x00000000ee400000,0x00000000ee400000)
  from space 14848K, 32% used [0x00000000ef380000,0x00000000ef82ad20,0x00000000f0200000)
  to   space 15360K, 0% used [0x00000000ee400000,0x00000000ee400000,0x00000000ef300000)
 ParOldGen       total 260608K, used 81845K [0x00000000c0000000, 0x00000000cfe80000, 0x00000000eab00000)
  object space 260608K, 31% used [0x00000000c0000000,0x00000000c4fed7d0,0x00000000cfe80000)
 Metaspace       used 7512K, capacity 7966K, committed 8320K, reserved 1056768K
  class space    used 751K, capacity 785K, committed 896K, reserved 1048576K
Event: 3.898 GC heap after
Heap after GC invocations=29 (full 0):
 PSYoungGen      total 73728K, used 13343K [0x00000000eab00000, 0x00000000f1680000, 0x0000000100000000)
  eden space 58368K, 0% used [0x00000000eab00000,0x00000000eab00000,0x00000000ee400000)
  from space 15360K, 86% used [0x00000000ee400000,0x00000000ef107fc0,0x00000000ef300000)
  to   space 16896K, 0% used [0x00000000f0600000,0x00000000f0600000,0x00000000f1680000)
 ParOldGen       total 260608K, used 81853K [0x00000000c0000000, 0x00000000cfe80000, 0x00000000eab00000)
  object space 260608K, 31% used [0x00000000c0000000,0x00000000c4fef7d0,0x00000000cfe80000)
 Metaspace       used 7512K, capacity 7966K, committed 8320K, reserved 1056768K
  class space    used 751K, capacity 785K, committed 896K, reserved 1048576K
}

