# JRE version: Java(TM) SE Runtime Environment (8.0_25-b18) (build 1.8.0_25-b18)
# Java VM: Java HotSpot(TM) 64-Bit Server VM (25.25-b02 mixed mode windows-amd64 compressed oops)
Heap:
 PSYoungGen      total 65536K, used 44898K [0x000000076b400000, 0x000000076fd00000, 0x00000007c0000000)
  eden space 60416K, 65% used [0x000000076b400000,0x000000076dad97a8,0x000000076ef00000)
  from space 5120K, 99% used [0x000000076f600000,0x000000076faff218,0x000000076fb00000)
  to   space 7168K, 0% used [0x000000076ef00000,0x000000076ef00000,0x000000076f600000)
 ParOldGen       total 175104K, used 6186K [0x00000006c1c00000, 0x00000006cc700000, 0x000000076b400000)
  object space 175104K, 3% used [0x00000006c1c00000,0x00000006c220aa38,0x00000006cc700000)
 Metaspace       used 8611K, capacity 8810K, committed 8960K, reserved 1056768K
  class space    used 944K, capacity 997K, committed 1024K, reserved 1048576K
GC Heap History (10 events):
Event: 8.764 GC heap before
{Heap before GC invocations=4 (full 0):
 PSYoungGen      total 76288K, used 68298K [0x000000076b400000, 0x0000000770900000, 0x00000007c0000000)
  eden space 65536K, 100% used [0x000000076b400000,0x000000076f400000,0x000000076f400000)
  from space 10752K, 25% used [0x000000076f400000,0x000000076f6b2be0,0x000000076fe80000)
  to   space 10752K, 0% used [0x000000076fe80000,0x000000076fe80000,0x0000000770900000)
 ParOldGen       total 175104K, used 40K [0x00000006c1c00000, 0x00000006cc700000, 0x000000076b400000)
  object space 175104K, 0% used [0x00000006c1c00000,0x00000006c1c0a000,0x00000006cc700000)
 Metaspace       used 8558K, capacity 8746K, committed 8960K, reserved 1056768K
  class space    used 941K, capacity 997K, committed 1024K, reserved 1048576K
Event: 8.766 GC heap after
Heap after GC invocations=4 (full 0):
 PSYoungGen      total 76288K, used 2813K [0x000000076b400000, 0x0000000770900000, 0x00000007c0000000)
  eden space 65536K, 0% used [0x000000076b400000,0x000000076b400000,0x000000076f400000)
  from space 10752K, 26% used [0x000000076fe80000,0x000000077013f4b8,0x0000000770900000)
  to   space 10752K, 0% used [0x000000076f400000,0x000000076f400000,0x000000076fe80000)
 ParOldGen       total 175104K, used 48K [0x00000006c1c00000, 0x00000006cc700000, 0x000000076b400000)
  object space 175104K, 0% used [0x00000006c1c00000,0x00000006c1c0c000,0x00000006cc700000)
 Metaspace       used 8558K, capacity 8746K, committed 8960K, reserved 1056768K
  class space    used 941K, capacity 997K, committed 1024K, reserved 1048576K
}
Event: 10.515 GC heap before
{Heap before GC invocations=5 (full 0):
 PSYoungGen      total 76288K, used 68349K [0x000000076b400000, 0x0000000770900000, 0x00000007c0000000)
  eden space 65536K, 100% used [0x000000076b400000,0x000000076f400000,0x000000076f400000)
  from space 10752K, 26% used [0x000000076fe80000,0x000000077013f4b8,0x0000000770900000)
  to   space 10752K, 0% used [0x000000076f400000,0x000000076f400000,0x000000076fe80000)
 ParOldGen       total 175104K, used 48K [0x00000006c1c00000, 0x00000006cc700000, 0x000000076b400000)
  object space 175104K, 0% used [0x00000006c1c00000,0x00000006c1c0c000,0x00000006cc700000)
 Metaspace       used 8558K, capacity 8746K, committed 8960K, reserved 1056768K
  class space    used 941K, capacity 997K, committed 1024K, reserved 1048576K
Event: 10.516 GC heap after
Heap after GC invocations=5 (full 0):
 PSYoungGen      total 67072K, used 2812K [0x000000076b400000, 0x000000076ff00000, 0x00000007c0000000)
  eden space 64000K, 0% used [0x000000076b400000,0x000000076b400000,0x000000076f280000)
  from space 3072K, 91% used [0x000000076f400000,0x000000076f6bf278,0x000000076f700000)
  to   space 4608K, 0% used [0x000000076fa80000,0x000000076fa80000,0x000000076ff00000)
 ParOldGen       total 175104K, used 56K [0x00000006c1c00000, 0x00000006cc700000, 0x000000076b400000)
  object space 175104K, 0% used [0x00000006c1c00000,0x00000006c1c0e000,0x00000006cc700000)
 Metaspace       used 8558K, capacity 8746K, committed 8960K, reserved 1056768K
  class space    used 941K, capacity 997K, committed 1024K, reserved 1048576K
}
Event: 12.227 GC heap before
{Heap before GC invocations=6 (full 0):
 PSYoungGen      total 67072K, used 66812K [0x000000076b400000, 0x000000076ff00000, 0x00000007c0000000)
  eden space 64000K, 100% used [0x000000076b400000,0x000000076f280000,0x000000076f280000)
  from space 3072K, 91% used [0x000000076f400000,0x000000076f6bf278,0x000000076f700000)
  to   space 4608K, 0% used [0x000000076fa80000,0x000000076fa80000,0x000000076ff00000)
 ParOldGen       total 175104K, used 56K [0x00000006c1c00000, 0x00000006cc700000, 0x000000076b400000)
  object space 175104K, 0% used [0x00000006c1c00000,0x00000006c1c0e000,0x00000006cc700000)
 Metaspace       used 8558K, capacity 8746K, committed 8960K, reserved 1056768K
  class space    used 941K, capacity 997K, committed 1024K, reserved 1048576K
Event: 12.230 GC heap after
Heap after GC invocations=6 (full 0):
 PSYoungGen      total 65536K, used 2714K [0x000000076b400000, 0x000000076fd80000, 0x00000007c0000000)
  eden space 62464K, 0% used [0x000000076b400000,0x000000076b400000,0x000000076f100000)
  from space 3072K, 88% used [0x000000076fa80000,0x000000076fd26970,0x000000076fd80000)
  to   space 4608K, 0% used [0x000000076f480000,0x000000076f480000,0x000000076f900000)
 ParOldGen       total 175104K, used 64K [0x00000006c1c00000, 0x00000006cc700000, 0x000000076b400000)
  object space 175104K, 0% used [0x00000006c1c00000,0x00000006c1c10000,0x00000006cc700000)
 Metaspace       used 8558K, capacity 8746K, committed 8960K, reserved 1056768K
  class space    used 941K, capacity 997K, committed 1024K, reserved 1048576K
}
Event: 13.902 GC heap before
{Heap before GC invocations=7 (full 0):
 PSYoungGen      total 65536K, used 65178K [0x000000076b400000, 0x000000076fd80000, 0x00000007c0000000)
  eden space 62464K, 100% used [0x000000076b400000,0x000000076f100000,0x000000076f100000)
  from space 3072K, 88% used [0x000000076fa80000,0x000000076fd26970,0x000000076fd80000)
  to   space 4608K, 0% used [0x000000076f480000,0x000000076f480000,0x000000076f900000)
 ParOldGen       total 175104K, used 64K [0x00000006c1c00000, 0x00000006cc700000, 0x000000076b400000)
  object space 175104K, 0% used [0x00000006c1c00000,0x00000006c1c10000,0x00000006cc700000)
 Metaspace       used 8558K, capacity 8746K, committed 8960K, reserved 1056768K
  class space    used 941K, capacity 997K, committed 1024K, reserved 1048576K
Event: 13.904 GC heap after
Heap after GC invocations=7 (full 0):
 PSYoungGen      total 61952K, used 128K [0x000000076b400000, 0x000000076fb00000, 0x00000007c0000000)
  eden space 61440K, 0% used [0x000000076b400000,0x000000076b400000,0x000000076f000000)
  from space 512K, 25% used [0x000000076f480000,0x000000076f4a0000,0x000000076f500000)
  to   space 5120K, 0% used [0x000000076f600000,0x000000076f600000,0x000000076fb00000)
 ParOldGen       total 175104K, used 2781K [0x00000006c1c00000, 0x00000006cc700000, 0x000000076b400000)
  object space 175104K, 1% used [0x00000006c1c00000,0x00000006c1eb76c0,0x00000006cc700000)
 Metaspace       used 8558K, capacity 8746K, committed 8960K, reserved 1056768K
  class space    used 941K, capacity 997K, committed 1024K, reserved 1048576K
}
Event: 16.490 GC heap before
{Heap before GC invocations=8 (full 0):
 PSYoungGen      total 61952K, used 61568K [0x000000076b400000, 0x000000076fb00000, 0x00000007c0000000)
  eden space 61440K, 100% used [0x000000076b400000,0x000000076f000000,0x000000076f000000)
  from space 512K, 25% used [0x000000076f480000,0x000000076f4a0000,0x000000076f500000)
  to   space 5120K, 0% used [0x000000076f600000,0x000000076f600000,0x000000076fb00000)
 ParOldGen       total 175104K, used 2781K [0x00000006c1c00000, 0x00000006cc700000, 0x000000076b400000)
  object space 175104K, 1% used [0x00000006c1c00000,0x00000006c1eb76c0,0x00000006cc700000)
 Metaspace       used 8601K, capacity 8810K, committed 8960K, reserved 1056768K
  class space    used 944K, capacity 997K, committed 1024K, reserved 1048576K
Event: 16.494 GC heap after
Heap after GC invocations=8 (full 0):
 PSYoungGen      total 65536K, used 5116K [0x000000076b400000, 0x000000076fd00000, 0x00000007c0000000)
  eden space 60416K, 0% used [0x000000076b400000,0x000000076b400000,0x000000076ef00000)
  from space 5120K, 99% used [0x000000076f600000,0x000000076faff218,0x000000076fb00000)
  to   space 7168K, 0% used [0x000000076ef00000,0x000000076ef00000,0x000000076f600000)
 ParOldGen       total 175104K, used 6186K [0x00000006c1c00000, 0x00000006cc700000, 0x000000076b400000)
  object space 175104K, 3% used [0x00000006c1c00000,0x00000006c220aa38,0x00000006cc700000)
 Metaspace       used 8601K, capacity 8810K, committed 8960K, reserved 1056768K
  class space    used 944K, capacity 997K, committed 1024K, reserved 1048576K
}

